<?xml version="1.0" encoding="UTF-8"?>
<testng-results ignored="0" total="1" passed="1" failed="0" skipped="0">
  <reporter-output>
  </reporter-output>
  <suite started-at="2026-06-05T16:13:32 IST" name="Default suite" finished-at="2026-06-05T16:13:39 IST" duration-ms="7060">
    <groups>
    </groups>
    <test started-at="2026-06-05T16:13:32 IST" name="Default test" finished-at="2026-06-05T16:13:39 IST" duration-ms="7060">
      <class name="testBase.TC001_AccountRegistrationTest">
        <test-method is-config="true" signature="setup()[pri:0, instance:testBase.TC001_AccountRegistrationTest@742ff096]" started-at="2026-06-05T16:13:32 IST" name="setup" finished-at="2026-06-05T16:13:37 IST" duration-ms="4598" status="PASS">
          <reporter-output>
          </reporter-output>
        </test-method> <!-- setup -->
        <test-method signature="verify_registration()[pri:0, instance:testBase.TC001_AccountRegistrationTest@742ff096]" started-at="2026-06-05T16:13:37 IST" name="verify_registration" finished-at="2026-06-05T16:13:39 IST" duration-ms="1763" status="PASS">
          <reporter-output>
          </reporter-output>
        </test-method> <!-- verify_registration -->
        <test-method is-config="true" signature="close()[pri:0, instance:testBase.TC001_AccountRegistrationTest@742ff096]" started-at="2026-06-05T16:13:39 IST" name="close" finished-at="2026-06-05T16:13:39 IST" duration-ms="627" status="PASS">
          <reporter-output>
          </reporter-output>
        </test-method> <!-- close -->
      </class> <!-- testBase.TC001_AccountRegistrationTest -->
    </test> <!-- Default test -->
  </suite> <!-- Default suite -->
</testng-results>
